2026-03-28T05:27:48-07:00 No outbound delivery failures to heal
2026-03-28T05:57:48-07:00 No outbound delivery failures to heal
2026-03-28T06:27:48-07:00 No outbound delivery failures to heal
2026-03-28T06:57:47-07:00 No outbound delivery failures to heal
2026-03-28T07:27:48-07:00 No outbound delivery failures to heal
2026-03-28T07:57:50-07:00 No outbound delivery failures to heal
2026-03-28T08:27:48-07:00 No outbound delivery failures to heal
2026-03-28T08:57:48-07:00 HEAL Monitor Sweep (3h) (9a50971c-3068-4279-b1b9-0a781ca5ac06) — re-triggering after outbound failure
2026-03-28T08:57:50-07:00 HEAL Daily OpenClaw Doctor Fix - 5:00 AM PT (fe280cdf-d077-43e7-a902-889b44b6629e) — re-triggering after outbound failure
2026-03-28T09:27:49-07:00 SKIP Monitor Sweep (3h) (9a50971c-3068-4279-b1b9-0a781ca5ac06) — already healed recently
2026-03-28T09:27:49-07:00 SKIP Daily OpenClaw Doctor Fix - 5:00 AM PT (fe280cdf-d077-43e7-a902-889b44b6629e) — already healed recently
2026-03-28T09:57:49-07:00 SKIP Monitor Sweep (3h) (9a50971c-3068-4279-b1b9-0a781ca5ac06) — already healed recently
2026-03-28T09:57:49-07:00 SKIP Daily OpenClaw Doctor Fix - 5:00 AM PT (fe280cdf-d077-43e7-a902-889b44b6629e) — already healed recently
2026-03-28T10:27:48-07:00 SKIP Monitor Sweep (3h) (9a50971c-3068-4279-b1b9-0a781ca5ac06) — already healed recently
2026-03-28T10:27:48-07:00 HEAL Dropbox Token Keepalive (3h) (31dd7636-36c0-455b-abb5-a243f224fefa) — re-triggering after outbound failure
2026-03-28T10:27:50-07:00 SKIP Daily OpenClaw Doctor Fix - 5:00 AM PT (fe280cdf-d077-43e7-a902-889b44b6629e) — already healed recently
2026-03-28T10:57:49-07:00 SKIP Monitor Sweep (3h) (9a50971c-3068-4279-b1b9-0a781ca5ac06) — already healed recently
2026-03-28T10:57:49-07:00 SKIP Dropbox Token Keepalive (3h) (31dd7636-36c0-455b-abb5-a243f224fefa) — already healed recently
2026-03-28T10:57:49-07:00 SKIP Daily OpenClaw Doctor Fix - 5:00 AM PT (fe280cdf-d077-43e7-a902-889b44b6629e) — already healed recently
2026-03-28T11:27:48-07:00 HEAL Monitor Sweep (3h) (9a50971c-3068-4279-b1b9-0a781ca5ac06) — re-triggering after outbound failure
2026-03-28T11:27:50-07:00 SKIP Dropbox Token Keepalive (3h) (31dd7636-36c0-455b-abb5-a243f224fefa) — already healed recently
2026-03-28T11:27:50-07:00 HEAL Daily OpenClaw Doctor Fix - 5:00 AM PT (fe280cdf-d077-43e7-a902-889b44b6629e) — re-triggering after outbound failure
2026-03-28T11:57:48-07:00 SKIP Dropbox Token Keepalive (3h) (31dd7636-36c0-455b-abb5-a243f224fefa) — already healed recently
2026-03-28T12:27:49-07:00 SKIP Dropbox Token Keepalive (3h) (31dd7636-36c0-455b-abb5-a243f224fefa) — already healed recently
2026-03-28T12:27:59-07:00 HEAL Dropbox Token Keepalive (3h) (31dd7636-36c0-455b-abb5-a243f224fefa) — re-triggering after outbound failure
2026-03-28T12:57:48-07:00 No outbound delivery failures to heal
2026-03-28T13:27:49-07:00 No outbound delivery failures to heal
2026-03-28T13:57:49-07:00 No outbound delivery failures to heal
2026-03-28T14:27:48-07:00 No outbound delivery failures to heal
2026-03-28T14:57:49-07:00 No outbound delivery failures to heal
2026-03-28T15:27:48-07:00 No outbound delivery failures to heal
2026-03-28T15:57:48-07:00 No outbound delivery failures to heal
2026-03-28T16:27:48-07:00 No outbound delivery failures to heal
2026-03-28T16:57:48-07:00 No outbound delivery failures to heal
2026-03-28T17:27:48-07:00 No outbound delivery failures to heal
2026-03-28T17:57:48-07:00 No outbound delivery failures to heal
2026-03-28T18:27:47-07:00 No outbound delivery failures to heal
2026-03-28T18:57:48-07:00 No outbound delivery failures to heal
2026-03-28T19:27:48-07:00 No outbound delivery failures to heal
2026-03-28T19:57:49-07:00 No outbound delivery failures to heal
2026-03-28T20:27:48-07:00 No outbound delivery failures to heal
2026-03-28T20:57:48-07:00 No outbound delivery failures to heal
2026-03-28T21:27:48-07:00 No outbound delivery failures to heal
2026-03-28T21:57:48-07:00 No outbound delivery failures to heal
2026-03-28T22:27:47-07:00 No outbound delivery failures to heal
2026-03-28T22:57:49-07:00 No outbound delivery failures to heal
2026-03-28T23:27:48-07:00 No outbound delivery failures to heal
2026-03-28T23:57:48-07:00 No outbound delivery failures to heal
2026-03-29T00:27:48-07:00 No outbound delivery failures to heal
2026-03-29T00:57:48-07:00 No outbound delivery failures to heal
2026-03-29T01:27:49-07:00 No outbound delivery failures to heal
2026-03-29T01:57:49-07:00 No outbound delivery failures to heal
2026-03-29T02:27:49-07:00 No outbound delivery failures to heal
2026-03-29T02:57:49-07:00 No outbound delivery failures to heal
2026-03-29T03:27:48-07:00 No outbound delivery failures to heal
2026-03-29T03:57:49-07:00 No outbound delivery failures to heal
2026-03-29T04:27:48-07:00 No outbound delivery failures to heal
2026-03-29T04:57:49-07:00 No outbound delivery failures to heal
2026-03-29T05:27:49-07:00 No outbound delivery failures to heal
2026-04-02T06:22:48-07:00 No outbound delivery failures to heal
2026-04-02T06:52:49-07:00 No outbound delivery failures to heal
2026-04-02T07:22:48-07:00 No outbound delivery failures to heal
2026-04-02T08:27:09-07:00 No outbound delivery failures to heal
2026-04-02T08:57:09-07:00 No outbound delivery failures to heal
2026-04-02T09:27:09-07:00 No outbound delivery failures to heal
2026-04-02T09:57:09-07:00 No outbound delivery failures to heal
2026-04-02T10:27:09-07:00 No outbound delivery failures to heal
2026-04-02T10:57:09-07:00 No outbound delivery failures to heal
2026-04-02T11:27:09-07:00 No outbound delivery failures to heal
2026-04-02T11:57:10-07:00 No outbound delivery failures to heal
2026-04-02T12:27:12-07:00 No outbound delivery failures to heal
2026-04-02T12:57:09-07:00 No outbound delivery failures to heal
2026-04-02T13:27:15-07:00 No outbound delivery failures to heal
2026-04-02T13:57:09-07:00 No outbound delivery failures to heal
2026-04-02T14:27:09-07:00 No outbound delivery failures to heal
2026-04-02T15:29:24-07:00 No outbound delivery failures to heal
2026-04-02T15:59:25-07:00 No outbound delivery failures to heal
2026-04-02T17:09:03-07:00 No outbound delivery failures to heal
2026-04-02T17:38:52-07:00 No outbound delivery failures to heal
2026-04-03T01:29:49-07:00 No outbound delivery failures to heal
2026-04-03T02:03:15-07:00 No outbound delivery failures to heal
2026-04-03T02:54:02-07:00 No outbound delivery failures to heal
2026-04-03T04:00:39-07:00 No outbound delivery failures to heal
2026-04-03T04:30:39-07:00 No outbound delivery failures to heal
2026-04-03T05:01:28-07:00 No outbound delivery failures to heal
2026-04-03T05:32:58-07:00 No outbound delivery failures to heal
2026-04-03T06:03:00-07:00 No outbound delivery failures to heal
2026-04-03T06:32:49-07:00 No outbound delivery failures to heal
2026-04-03T07:02:49-07:00 No outbound delivery failures to heal
2026-04-03T07:32:49-07:00 No outbound delivery failures to heal
2026-04-03T08:03:36-07:00 No outbound delivery failures to heal
2026-04-03T08:33:37-07:00 No outbound delivery failures to heal
2026-04-03T09:03:36-07:00 No outbound delivery failures to heal
2026-04-03T09:33:36-07:00 No outbound delivery failures to heal
2026-04-03T10:03:37-07:00 No outbound delivery failures to heal
2026-04-03T10:33:36-07:00 No outbound delivery failures to heal
2026-04-03T11:03:37-07:00 No outbound delivery failures to heal
2026-04-03T11:33:37-07:00 No outbound delivery failures to heal
2026-04-03T12:03:36-07:00 No outbound delivery failures to heal
2026-04-03T12:33:37-07:00 No outbound delivery failures to heal
2026-04-03T13:03:37-07:00 No outbound delivery failures to heal
2026-04-03T13:33:37-07:00 No outbound delivery failures to heal
2026-04-03T14:03:36-07:00 No outbound delivery failures to heal
2026-04-03T14:33:36-07:00 No outbound delivery failures to heal
2026-04-03T15:03:36-07:00 No outbound delivery failures to heal
2026-04-03T15:33:36-07:00 No outbound delivery failures to heal
2026-04-03T16:03:37-07:00 No outbound delivery failures to heal
2026-04-03T17:50:56-07:00 No outbound delivery failures to heal
2026-04-03T18:20:59-07:00 No outbound delivery failures to heal
2026-04-03T18:51:02-07:00 No outbound delivery failures to heal
2026-04-03T19:20:57-07:00 No outbound delivery failures to heal
2026-04-03T19:50:56-07:00 No outbound delivery failures to heal
2026-04-03T20:20:57-07:00 No outbound delivery failures to heal
2026-04-03T20:50:57-07:00 No outbound delivery failures to heal
2026-04-03T21:20:57-07:00 No outbound delivery failures to heal
2026-04-03T21:50:57-07:00 No outbound delivery failures to heal
2026-04-03T22:20:57-07:00 No outbound delivery failures to heal
2026-04-03T22:50:57-07:00 No outbound delivery failures to heal
2026-04-03T23:21:50-07:00 No outbound delivery failures to heal
2026-04-04T00:45:37-07:00 No outbound delivery failures to heal
2026-04-04T01:20:28-07:00 No outbound delivery failures to heal
2026-04-04T02:03:46-07:00 No outbound delivery failures to heal
2026-04-04T02:39:26-07:00 No outbound delivery failures to heal
2026-04-04T04:06:26-07:00 No outbound delivery failures to heal
2026-04-04T04:39:32-07:00 No outbound delivery failures to heal
2026-04-04T07:52:18-07:00 No outbound delivery failures to heal
2026-04-04T08:23:12-07:00 No outbound delivery failures to heal
2026-04-04T08:53:18-07:00 No outbound delivery failures to heal
2026-04-04T09:24:44-07:00 No outbound delivery failures to heal
2026-04-04T09:54:45-07:00 No outbound delivery failures to heal
2026-04-04T15:44:34-07:00 No outbound delivery failures to heal
2026-04-04T16:14:36-07:00 No outbound delivery failures to heal
2026-04-04T16:44:35-07:00 No outbound delivery failures to heal
2026-04-04T17:14:36-07:00 No outbound delivery failures to heal
2026-04-04T17:44:37-07:00 No outbound delivery failures to heal
2026-04-04T18:14:35-07:00 No outbound delivery failures to heal
2026-04-04T18:44:35-07:00 No outbound delivery failures to heal
2026-04-04T19:14:35-07:00 No outbound delivery failures to heal
2026-04-04T19:44:35-07:00 No outbound delivery failures to heal
2026-04-04T20:14:35-07:00 No outbound delivery failures to heal
2026-04-04T20:44:35-07:00 No outbound delivery failures to heal
2026-04-04T21:14:35-07:00 No outbound delivery failures to heal
2026-04-04T21:44:35-07:00 No outbound delivery failures to heal
2026-04-04T22:14:35-07:00 No outbound delivery failures to heal
2026-04-04T22:44:35-07:00 No outbound delivery failures to heal
2026-04-04T23:14:35-07:00 No outbound delivery failures to heal
2026-04-04T23:44:35-07:00 No outbound delivery failures to heal
2026-04-05T00:14:35-07:00 No outbound delivery failures to heal
2026-04-05T00:44:35-07:00 No outbound delivery failures to heal
2026-04-05T01:14:35-07:00 No outbound delivery failures to heal
2026-04-05T01:44:35-07:00 No outbound delivery failures to heal
2026-04-05T02:14:39-07:00 No outbound delivery failures to heal
2026-04-05T02:44:35-07:00 No outbound delivery failures to heal
2026-04-05T03:14:36-07:00 No outbound delivery failures to heal
2026-04-05T03:44:35-07:00 No outbound delivery failures to heal
2026-04-05T04:14:35-07:00 No outbound delivery failures to heal
2026-04-05T04:44:35-07:00 No outbound delivery failures to heal
2026-04-05T05:14:35-07:00 No outbound delivery failures to heal
2026-04-05T05:44:36-07:00 No outbound delivery failures to heal
2026-04-05T06:15:13-07:00 No outbound delivery failures to heal
2026-04-05T06:17:14-07:00 No outbound delivery failures to heal
2026-04-05T06:19:24-07:00 No outbound delivery failures to heal
2026-04-05T06:21:34-07:00 No outbound delivery failures to heal
2026-04-05T06:24:47-07:00 No outbound delivery failures to heal
2026-04-05T06:26:55-07:00 No outbound delivery failures to heal
2026-04-05T06:28:58-07:00 No outbound delivery failures to heal
2026-04-05T06:31:06-07:00 No outbound delivery failures to heal
2026-04-05T06:33:11-07:00 No outbound delivery failures to heal
2026-04-05T06:35:20-07:00 No outbound delivery failures to heal
2026-04-05T06:37:28-07:00 No outbound delivery failures to heal
2026-04-05T06:39:34-07:00 No outbound delivery failures to heal
2026-04-05T06:41:42-07:00 No outbound delivery failures to heal
2026-04-05T06:43:47-07:00 No outbound delivery failures to heal
2026-04-05T06:57:49-07:00 No outbound delivery failures to heal
2026-04-05T07:27:48-07:00 No outbound delivery failures to heal
2026-04-05T07:57:48-07:00 No outbound delivery failures to heal
2026-04-05T08:27:48-07:00 No outbound delivery failures to heal
2026-04-05T08:57:49-07:00 No outbound delivery failures to heal
2026-04-05T09:27:48-07:00 No outbound delivery failures to heal
2026-04-05T09:57:49-07:00 No outbound delivery failures to heal
2026-04-05T10:27:48-07:00 No outbound delivery failures to heal
2026-04-05T10:57:48-07:00 No outbound delivery failures to heal
2026-04-05T11:27:48-07:00 No outbound delivery failures to heal
2026-04-05T11:57:48-07:00 No outbound delivery failures to heal
2026-04-05T12:27:47-07:00 No outbound delivery failures to heal
2026-04-05T12:57:49-07:00 No outbound delivery failures to heal
2026-04-05T13:27:48-07:00 No outbound delivery failures to heal
2026-04-05T13:57:48-07:00 No outbound delivery failures to heal
2026-04-05T14:28:51-07:00 No outbound delivery failures to heal
2026-04-05T14:58:50-07:00 No outbound delivery failures to heal
2026-04-05T15:28:50-07:00 No outbound delivery failures to heal
2026-04-05T15:58:50-07:00 No outbound delivery failures to heal
2026-04-05T16:28:50-07:00 No outbound delivery failures to heal
2026-04-05T16:58:50-07:00 No outbound delivery failures to heal
2026-04-05T17:28:50-07:00 No outbound delivery failures to heal
2026-04-05T17:58:50-07:00 No outbound delivery failures to heal
2026-04-05T18:28:50-07:00 No outbound delivery failures to heal
2026-04-05T18:58:50-07:00 No outbound delivery failures to heal
2026-04-05T19:28:50-07:00 No outbound delivery failures to heal
2026-04-05T19:58:51-07:00 No outbound delivery failures to heal
2026-04-05T20:28:50-07:00 No outbound delivery failures to heal
2026-04-05T20:58:51-07:00 No outbound delivery failures to heal
2026-04-05T21:28:51-07:00 No outbound delivery failures to heal
2026-04-05T21:58:50-07:00 No outbound delivery failures to heal
2026-04-05T22:28:50-07:00 No outbound delivery failures to heal
2026-04-05T22:58:49-07:00 No outbound delivery failures to heal
2026-04-05T23:28:50-07:00 No outbound delivery failures to heal
2026-04-05T23:58:50-07:00 No outbound delivery failures to heal
2026-04-06T00:28:50-07:00 No outbound delivery failures to heal
2026-04-06T00:58:50-07:00 No outbound delivery failures to heal
2026-04-06T01:28:50-07:00 No outbound delivery failures to heal
2026-04-06T01:58:50-07:00 No outbound delivery failures to heal
2026-04-06T02:28:50-07:00 No outbound delivery failures to heal
2026-04-06T02:58:51-07:00 No outbound delivery failures to heal
2026-04-06T03:28:50-07:00 No outbound delivery failures to heal
2026-04-06T03:58:50-07:00 No outbound delivery failures to heal
2026-04-06T04:28:50-07:00 No outbound delivery failures to heal
2026-04-06T04:58:52-07:00 No outbound delivery failures to heal
2026-04-06T05:28:50-07:00 No outbound delivery failures to heal
2026-04-06T05:58:57-07:00 No outbound delivery failures to heal
2026-04-06T06:29:00-07:00 No outbound delivery failures to heal
2026-04-06T06:58:55-07:00 No outbound delivery failures to heal
2026-04-06T07:28:59-07:00 No outbound delivery failures to heal
2026-04-06T07:58:55-07:00 No outbound delivery failures to heal
2026-04-06T08:28:59-07:00 No outbound delivery failures to heal
2026-04-06T08:58:59-07:00 No outbound delivery failures to heal
2026-04-06T09:28:57-07:00 No outbound delivery failures to heal
2026-04-06T09:58:57-07:00 No outbound delivery failures to heal
2026-04-06T10:28:59-07:00 No outbound delivery failures to heal
2026-04-06T10:58:59-07:00 No outbound delivery failures to heal
2026-04-06T11:28:57-07:00 No outbound delivery failures to heal
2026-04-06T11:59:00-07:00 No outbound delivery failures to heal
2026-04-06T12:29:00-07:00 No outbound delivery failures to heal
2026-04-06T12:58:59-07:00 No outbound delivery failures to heal
2026-04-06T13:28:57-07:00 No outbound delivery failures to heal
2026-04-06T13:58:58-07:00 No outbound delivery failures to heal
2026-04-06T14:29:00-07:00 No outbound delivery failures to heal
2026-04-06T14:58:59-07:00 No outbound delivery failures to heal
2026-04-06T15:28:58-07:00 No outbound delivery failures to heal
2026-04-06T15:58:57-07:00 No outbound delivery failures to heal
2026-04-06T16:28:57-07:00 No outbound delivery failures to heal
2026-04-06T16:58:57-07:00 No outbound delivery failures to heal
2026-04-06T17:28:57-07:00 No outbound delivery failures to heal
2026-04-06T17:58:59-07:00 No outbound delivery failures to heal
2026-04-06T18:28:58-07:00 No outbound delivery failures to heal
2026-04-06T18:58:58-07:00 No outbound delivery failures to heal
2026-04-06T19:28:56-07:00 No outbound delivery failures to heal
2026-04-06T19:58:58-07:00 No outbound delivery failures to heal
2026-04-06T20:28:58-07:00 No outbound delivery failures to heal
2026-04-06T20:58:56-07:00 No outbound delivery failures to heal
2026-04-06T21:28:57-07:00 No outbound delivery failures to heal
2026-04-06T21:58:58-07:00 No outbound delivery failures to heal
2026-04-06T22:28:59-07:00 No outbound delivery failures to heal
2026-04-06T22:58:57-07:00 No outbound delivery failures to heal
2026-04-06T23:28:59-07:00 No outbound delivery failures to heal
2026-04-06T23:59:00-07:00 No outbound delivery failures to heal
2026-04-07T00:28:58-07:00 No outbound delivery failures to heal
2026-04-07T00:58:57-07:00 No outbound delivery failures to heal
2026-04-07T01:28:57-07:00 No outbound delivery failures to heal
2026-04-07T01:58:57-07:00 No outbound delivery failures to heal
2026-04-07T02:29:00-07:00 No outbound delivery failures to heal
2026-04-07T02:58:56-07:00 No outbound delivery failures to heal
2026-04-07T03:29:00-07:00 No outbound delivery failures to heal
2026-04-07T03:58:59-07:00 No outbound delivery failures to heal
2026-04-07T04:29:01-07:00 No outbound delivery failures to heal
2026-04-07T04:59:02-07:00 No outbound delivery failures to heal
2026-04-07T05:28:56-07:00 No outbound delivery failures to heal
2026-04-07T05:58:56-07:00 No outbound delivery failures to heal
2026-04-07T06:28:59-07:00 No outbound delivery failures to heal
2026-04-07T06:59:01-07:00 No outbound delivery failures to heal
2026-04-07T07:28:59-07:00 No outbound delivery failures to heal
2026-04-07T07:58:58-07:00 No outbound delivery failures to heal
2026-04-07T08:29:00-07:00 No outbound delivery failures to heal
2026-04-07T08:59:01-07:00 No outbound delivery failures to heal
2026-04-07T09:28:59-07:00 No outbound delivery failures to heal
2026-04-07T09:58:58-07:00 No outbound delivery failures to heal
2026-04-07T10:29:03-07:00 No outbound delivery failures to heal
2026-04-07T10:59:00-07:00 No outbound delivery failures to heal
2026-04-07T11:29:00-07:00 No outbound delivery failures to heal
2026-04-07T11:58:56-07:00 No outbound delivery failures to heal
2026-04-07T12:28:59-07:00 No outbound delivery failures to heal
2026-04-07T12:59:00-07:00 No outbound delivery failures to heal
2026-04-07T13:28:58-07:00 No outbound delivery failures to heal
2026-04-07T13:58:57-07:00 No outbound delivery failures to heal
2026-04-07T14:29:00-07:00 No outbound delivery failures to heal
2026-04-07T14:58:58-07:00 No outbound delivery failures to heal
2026-04-07T15:28:57-07:00 No outbound delivery failures to heal
2026-04-07T15:58:57-07:00 No outbound delivery failures to heal
2026-04-07T16:28:59-07:00 No outbound delivery failures to heal
2026-04-07T16:58:58-07:00 No outbound delivery failures to heal
2026-04-07T17:28:58-07:00 No outbound delivery failures to heal
2026-04-07T17:59:00-07:00 No outbound delivery failures to heal
2026-04-07T18:28:59-07:00 No outbound delivery failures to heal
2026-04-07T18:58:58-07:00 No outbound delivery failures to heal
2026-04-07T19:28:58-07:00 No outbound delivery failures to heal
2026-04-07T19:58:59-07:00 No outbound delivery failures to heal
2026-04-07T20:28:59-07:00 No outbound delivery failures to heal
2026-04-07T20:59:00-07:00 No outbound delivery failures to heal
2026-04-07T21:28:59-07:00 No outbound delivery failures to heal
2026-04-07T21:58:58-07:00 No outbound delivery failures to heal
2026-04-07T22:29:01-07:00 No outbound delivery failures to heal
2026-04-07T22:59:03-07:00 No outbound delivery failures to heal
2026-04-07T23:29:45-07:00 No outbound delivery failures to heal
2026-04-07T23:59:43-07:00 No outbound delivery failures to heal
2026-04-08T00:58:57-07:00 No outbound delivery failures to heal
2026-04-08T01:28:59-07:00 No outbound delivery failures to heal
2026-04-08T01:58:59-07:00 No outbound delivery failures to heal
2026-04-08T02:29:02-07:00 No outbound delivery failures to heal
2026-04-08T02:59:00-07:00 No outbound delivery failures to heal
2026-04-08T03:29:00-07:00 No outbound delivery failures to heal
2026-04-08T03:59:00-07:00 No outbound delivery failures to heal
2026-04-08T04:28:59-07:00 No outbound delivery failures to heal
2026-04-08T04:59:02-07:00 No outbound delivery failures to heal
2026-04-08T05:28:56-07:00 No outbound delivery failures to heal
2026-04-08T05:59:00-07:00 No outbound delivery failures to heal
2026-04-08T06:29:05-07:00 No outbound delivery failures to heal
2026-04-08T06:58:59-07:00 No outbound delivery failures to heal
2026-04-08T07:29:03-07:00 No outbound delivery failures to heal
2026-04-08T07:58:58-07:00 No outbound delivery failures to heal
2026-04-08T08:28:59-07:00 No outbound delivery failures to heal
2026-04-08T08:59:01-07:00 No outbound delivery failures to heal
2026-04-08T09:29:00-07:00 No outbound delivery failures to heal
2026-04-08T09:59:00-07:00 No outbound delivery failures to heal
2026-04-08T10:29:00-07:00 No outbound delivery failures to heal
2026-04-08T10:59:00-07:00 No outbound delivery failures to heal
2026-04-08T11:29:01-07:00 No outbound delivery failures to heal
2026-04-08T11:59:01-07:00 No outbound delivery failures to heal
2026-04-08T12:29:01-07:00 No outbound delivery failures to heal
2026-04-08T12:59:01-07:00 No outbound delivery failures to heal
2026-04-08T13:29:00-07:00 No outbound delivery failures to heal
2026-04-08T13:59:01-07:00 No outbound delivery failures to heal
2026-04-08T14:29:01-07:00 No outbound delivery failures to heal
2026-04-08T14:59:01-07:00 No outbound delivery failures to heal
2026-04-08T15:29:01-07:00 No outbound delivery failures to heal
2026-04-08T15:58:58-07:00 No outbound delivery failures to heal
2026-04-08T16:28:59-07:00 No outbound delivery failures to heal
2026-04-08T16:58:59-07:00 No outbound delivery failures to heal
2026-04-08T17:28:58-07:00 No outbound delivery failures to heal
2026-04-08T17:59:01-07:00 No outbound delivery failures to heal
2026-04-08T18:29:01-07:00 No outbound delivery failures to heal
2026-04-08T18:59:01-07:00 No outbound delivery failures to heal
2026-04-08T19:29:01-07:00 No outbound delivery failures to heal
2026-04-08T19:59:00-07:00 No outbound delivery failures to heal
2026-04-08T20:28:58-07:00 No outbound delivery failures to heal
2026-04-08T20:58:57-07:00 No outbound delivery failures to heal
2026-04-08T21:29:01-07:00 No outbound delivery failures to heal
2026-04-08T21:58:57-07:00 No outbound delivery failures to heal
2026-04-08T22:29:00-07:00 No outbound delivery failures to heal
2026-04-08T22:59:01-07:00 No outbound delivery failures to heal
2026-04-08T23:29:00-07:00 No outbound delivery failures to heal
2026-04-08T23:58:58-07:00 No outbound delivery failures to heal
2026-04-09T00:29:00-07:00 No outbound delivery failures to heal
2026-04-09T00:59:02-07:00 No outbound delivery failures to heal
2026-04-09T01:29:01-07:00 No outbound delivery failures to heal
2026-04-09T01:58:58-07:00 No outbound delivery failures to heal
2026-04-09T02:29:01-07:00 No outbound delivery failures to heal
2026-04-09T02:58:55-07:00 No outbound delivery failures to heal
2026-04-09T03:29:00-07:00 No outbound delivery failures to heal
2026-04-09T03:59:00-07:00 No outbound delivery failures to heal
2026-04-09T04:28:59-07:00 No outbound delivery failures to heal
2026-04-09T04:58:58-07:00 No outbound delivery failures to heal
2026-04-09T05:29:01-07:00 No outbound delivery failures to heal
2026-04-09T05:59:02-07:00 No outbound delivery failures to heal
2026-04-09T06:28:59-07:00 No outbound delivery failures to heal
2026-04-09T06:59:00-07:00 No outbound delivery failures to heal
2026-04-09T07:29:36-07:00 No outbound delivery failures to heal
2026-04-09T07:58:58-07:00 No outbound delivery failures to heal
2026-04-09T08:28:58-07:00 No outbound delivery failures to heal
2026-04-09T08:58:59-07:00 No outbound delivery failures to heal
2026-04-09T09:29:09-07:00 No outbound delivery failures to heal
2026-04-09T09:59:03-07:00 No outbound delivery failures to heal
2026-04-09T10:28:58-07:00 No outbound delivery failures to heal
2026-04-09T10:58:59-07:00 No outbound delivery failures to heal
2026-04-09T11:28:58-07:00 No outbound delivery failures to heal
2026-04-09T11:59:00-07:00 No outbound delivery failures to heal
2026-04-09T12:29:01-07:00 No outbound delivery failures to heal
2026-04-09T12:59:03-07:00 No outbound delivery failures to heal
2026-04-09T13:28:59-07:00 No outbound delivery failures to heal
2026-04-09T13:59:01-07:00 No outbound delivery failures to heal
2026-04-09T14:28:56-07:00 No outbound delivery failures to heal
2026-04-09T14:59:01-07:00 No outbound delivery failures to heal
2026-04-09T15:34:06-07:00 No outbound delivery failures to heal
2026-04-09T16:04:42-07:00 No outbound delivery failures to heal
2026-04-09T16:37:17-07:00 No outbound delivery failures to heal
2026-04-09T17:07:11-07:00 No outbound delivery failures to heal
2026-04-09T20:42:15-07:00 No outbound delivery failures to heal
2026-04-09T21:12:14-07:00 No outbound delivery failures to heal
2026-04-09T21:42:16-07:00 No outbound delivery failures to heal
2026-04-09T22:12:12-07:00 No outbound delivery failures to heal
2026-04-09T22:42:15-07:00 No outbound delivery failures to heal
2026-04-09T23:12:13-07:00 No outbound delivery failures to heal
2026-04-09T23:42:14-07:00 No outbound delivery failures to heal
2026-04-10T00:12:13-07:00 No outbound delivery failures to heal
2026-04-10T00:42:15-07:00 No outbound delivery failures to heal
2026-04-10T01:12:09-07:00 No outbound delivery failures to heal
2026-04-10T01:42:14-07:00 No outbound delivery failures to heal
2026-04-10T02:12:13-07:00 No outbound delivery failures to heal
2026-04-10T02:42:14-07:00 No outbound delivery failures to heal
2026-04-10T03:12:14-07:00 No outbound delivery failures to heal
2026-04-10T03:42:14-07:00 No outbound delivery failures to heal
2026-04-10T04:12:12-07:00 No outbound delivery failures to heal
2026-04-10T04:42:14-07:00 No outbound delivery failures to heal
2026-04-10T05:12:13-07:00 No outbound delivery failures to heal
2026-04-10T05:42:13-07:00 No outbound delivery failures to heal
2026-04-10T06:12:11-07:00 No outbound delivery failures to heal
2026-04-10T06:42:12-07:00 No outbound delivery failures to heal
2026-04-10T07:12:12-07:00 No outbound delivery failures to heal
2026-04-10T07:42:14-07:00 No outbound delivery failures to heal
2026-04-10T08:12:15-07:00 No outbound delivery failures to heal
2026-04-10T08:46:45-07:00 No outbound delivery failures to heal
2026-04-10T09:16:15-07:00 No outbound delivery failures to heal
2026-04-10T09:46:13-07:00 No outbound delivery failures to heal
2026-04-10T10:16:15-07:00 No outbound delivery failures to heal
2026-04-10T10:46:15-07:00 No outbound delivery failures to heal
2026-04-10T11:16:13-07:00 No outbound delivery failures to heal
2026-04-10T11:46:16-07:00 No outbound delivery failures to heal
2026-04-10T12:16:14-07:00 No outbound delivery failures to heal
2026-04-10T12:46:15-07:00 No outbound delivery failures to heal
2026-04-10T13:16:11-07:00 No outbound delivery failures to heal
2026-04-10T13:46:12-07:00 No outbound delivery failures to heal
2026-04-10T14:16:14-07:00 No outbound delivery failures to heal
2026-04-10T14:46:16-07:00 No outbound delivery failures to heal
2026-04-10T15:16:12-07:00 No outbound delivery failures to heal
2026-04-10T15:46:14-07:00 No outbound delivery failures to heal
2026-04-10T16:16:15-07:00 No outbound delivery failures to heal
2026-04-10T16:46:16-07:00 No outbound delivery failures to heal
2026-04-10T17:16:16-07:00 No outbound delivery failures to heal
2026-04-10T18:21:32-07:00 No outbound delivery failures to heal
2026-04-10T18:51:34-07:00 No outbound delivery failures to heal
2026-04-10T19:21:35-07:00 No outbound delivery failures to heal
2026-04-10T19:51:31-07:00 No outbound delivery failures to heal
2026-04-10T20:21:35-07:00 No outbound delivery failures to heal
2026-04-10T20:51:33-07:00 No outbound delivery failures to heal
2026-04-10T21:21:35-07:00 No outbound delivery failures to heal
2026-04-10T21:51:32-07:00 No outbound delivery failures to heal
2026-04-10T22:21:33-07:00 No outbound delivery failures to heal
2026-04-10T22:51:32-07:00 No outbound delivery failures to heal
