2026-03-28T09:21:29-07:00 OK: No stalled tasks
2026-03-28T11:08:20-07:00 STALL: Fix Recurring Telegram Outbound Delivery Failures (40%) stalled unknownh
2026-03-28T13:08:19-07:00 STALL: Fix Recurring Telegram Outbound Delivery Failures (40%) stalled unknownh
2026-03-28T15:08:19-07:00 OK: No stalled tasks
2026-03-28T17:08:19-07:00 OK: No stalled tasks
2026-03-28T19:08:19-07:00 OK: No stalled tasks
2026-03-28T21:08:19-07:00 OK: No stalled tasks
2026-03-28T23:08:20-07:00 OK: No stalled tasks
2026-03-29T01:08:19-07:00 OK: No stalled tasks
2026-03-29T03:08:20-07:00 OK: No stalled tasks
2026-03-29T05:08:20-07:00 OK: No stalled tasks
2026-03-29T07:08:20-07:00 OK: No stalled tasks
2026-03-29T13:08:19-07:00 OK: No stalled tasks
2026-03-29T15:08:20-07:00 OK: No stalled tasks
2026-03-29T17:08:22-07:00 OK: No stalled tasks
2026-03-29T19:08:20-07:00 OK: No stalled tasks
2026-03-29T21:08:20-07:00 OK: No stalled tasks
2026-03-29T23:08:20-07:00 OK: No stalled tasks
2026-03-30T01:08:20-07:00 OK: No stalled tasks
2026-03-30T03:08:24-07:00 OK: No stalled tasks
2026-03-30T05:08:20-07:00 OK: No stalled tasks
2026-03-30T07:08:21-07:00 OK: No stalled tasks
2026-03-30T09:08:22-07:00 OK: No stalled tasks
2026-03-30T11:08:21-07:00 OK: No stalled tasks
2026-03-30T13:08:20-07:00 OK: No stalled tasks
2026-03-30T15:08:20-07:00 OK: No stalled tasks
2026-03-30T17:16:16-07:00 OK: No stalled tasks
2026-03-30T19:19:28-07:00 OK: No stalled tasks
2026-03-30T21:20:09-07:00 OK: No stalled tasks
2026-03-30T23:23:46-07:00 OK: No stalled tasks
2026-03-31T01:25:48-07:00 OK: No stalled tasks
2026-03-31T03:31:31-07:00 OK: No stalled tasks
2026-03-31T08:32:53-07:00 OK: No stalled tasks
2026-03-31T10:46:53-07:00 OK: No stalled tasks
2026-03-31T16:52:04-07:00 OK: No stalled tasks
2026-03-31T18:52:05-07:00 OK: No stalled tasks
2026-03-31T20:52:05-07:00 OK: No stalled tasks
2026-03-31T22:52:04-07:00 OK: No stalled tasks
2026-04-01T03:11:26-07:00 OK: No stalled tasks
2026-04-01T06:53:10-07:00 OK: No stalled tasks
2026-04-01T08:53:10-07:00 OK: No stalled tasks
2026-04-01T10:53:10-07:00 OK: No stalled tasks
2026-04-01T12:53:12-07:00 OK: No stalled tasks
2026-04-01T14:53:11-07:00 OK: No stalled tasks
2026-04-01T18:59:00-07:00 OK: No stalled tasks
2026-04-01T20:59:00-07:00 OK: No stalled tasks
2026-04-01T22:59:01-07:00 STALL: PowerSpec PC Full Rebuild (Windows 11 + All Services) (45%) stalled unknownh
2026-04-02T00:59:01-07:00 OK: No stalled tasks
2026-04-02T02:59:01-07:00 OK: No stalled tasks
2026-04-02T04:59:01-07:00 OK: No stalled tasks
2026-04-02T06:59:01-07:00 OK: No stalled tasks
2026-04-02T08:59:00-07:00 OK: No stalled tasks
2026-04-02T10:59:02-07:00 OK: No stalled tasks
2026-04-02T12:59:02-07:00 OK: No stalled tasks
2026-04-02T15:10:16-07:00 OK: No stalled tasks
2026-04-02T17:09:58-07:00 OK: No stalled tasks
2026-04-02T23:42:44-07:00 OK: No stalled tasks
2026-04-03T01:42:44-07:00 OK: No stalled tasks
2026-04-03T05:50:35-07:00 OK: No stalled tasks
2026-04-03T07:50:35-07:00 OK: No stalled tasks
2026-04-03T09:50:39-07:00 OK: No stalled tasks
2026-04-03T11:50:26-07:00 OK: No stalled tasks
2026-04-03T13:50:25-07:00 OK: No stalled tasks
2026-04-03T15:50:26-07:00 OK: No stalled tasks
2026-04-03T17:50:26-07:00 OK: No stalled tasks
2026-04-03T19:50:25-07:00 OK: No stalled tasks
2026-04-03T21:50:25-07:00 OK: No stalled tasks
2026-04-04T00:45:42-07:00 OK: No stalled tasks
2026-04-04T02:47:17-07:00 OK: No stalled tasks
2026-04-04T04:49:16-07:00 OK: No stalled tasks
2026-04-04T07:52:28-07:00 OK: No stalled tasks
2026-04-04T09:54:16-07:00 OK: No stalled tasks
2026-04-04T12:00:27-07:00 OK: No stalled tasks
2026-04-04T16:11:35-07:00 OK: No stalled tasks
2026-04-04T18:11:35-07:00 OK: No stalled tasks
2026-04-04T20:11:35-07:00 OK: No stalled tasks
2026-04-04T22:11:35-07:00 OK: No stalled tasks
2026-04-05T00:11:35-07:00 OK: No stalled tasks
2026-04-05T02:11:36-07:00 OK: No stalled tasks
2026-04-05T04:11:36-07:00 OK: No stalled tasks
2026-04-05T06:12:54-07:00 OK: No stalled tasks
2026-04-05T06:15:07-07:00 OK: No stalled tasks
2026-04-05T06:17:07-07:00 OK: No stalled tasks
2026-04-05T06:19:16-07:00 OK: No stalled tasks
2026-04-05T06:21:26-07:00 OK: No stalled tasks
2026-04-05T06:24:38-07:00 OK: No stalled tasks
2026-04-05T06:26:45-07:00 OK: No stalled tasks
2026-04-05T06:28:51-07:00 OK: No stalled tasks
2026-04-05T06:30:59-07:00 OK: No stalled tasks
2026-04-05T06:33:03-07:00 OK: No stalled tasks
2026-04-05T06:35:13-07:00 OK: No stalled tasks
2026-04-05T06:37:19-07:00 OK: No stalled tasks
2026-04-05T06:39:26-07:00 OK: No stalled tasks
2026-04-05T06:41:33-07:00 OK: No stalled tasks
2026-04-05T06:43:39-07:00 OK: No stalled tasks
2026-04-05T07:08:20-07:00 OK: No stalled tasks
2026-04-05T09:08:23-07:00 OK: No stalled tasks
2026-04-05T11:08:20-07:00 OK: No stalled tasks
2026-04-05T13:08:21-07:00 OK: No stalled tasks
2026-04-05T15:08:21-07:00 OK: No stalled tasks
2026-04-05T17:08:20-07:00 OK: No stalled tasks
2026-04-05T19:08:20-07:00 OK: No stalled tasks
2026-04-05T21:08:20-07:00 OK: No stalled tasks
2026-04-05T23:08:20-07:00 OK: No stalled tasks
2026-04-06T01:08:21-07:00 OK: No stalled tasks
2026-04-06T03:08:21-07:00 OK: No stalled tasks
2026-04-06T05:08:21-07:00 OK: No stalled tasks
2026-04-06T07:08:23-07:00 OK: No stalled tasks
2026-04-06T09:08:22-07:00 OK: No stalled tasks
2026-04-06T11:08:22-07:00 OK: No stalled tasks
2026-04-06T13:08:27-07:00 OK: No stalled tasks
2026-04-06T15:08:22-07:00 OK: No stalled tasks
2026-04-06T17:08:22-07:00 OK: No stalled tasks
2026-04-06T19:08:22-07:00 OK: No stalled tasks
2026-04-06T21:08:23-07:00 OK: No stalled tasks
2026-04-06T23:08:22-07:00 OK: No stalled tasks
2026-04-07T01:08:23-07:00 OK: No stalled tasks
2026-04-07T03:08:23-07:00 OK: No stalled tasks
2026-04-07T05:08:23-07:00 OK: No stalled tasks
2026-04-07T07:08:23-07:00 OK: No stalled tasks
2026-04-07T09:08:22-07:00 OK: No stalled tasks
2026-04-07T11:08:22-07:00 OK: No stalled tasks
2026-04-07T13:08:23-07:00 OK: No stalled tasks
2026-04-07T15:08:22-07:00 OK: No stalled tasks
2026-04-07T17:08:22-07:00 OK: No stalled tasks
2026-04-07T19:08:25-07:00 OK: No stalled tasks
2026-04-07T21:08:22-07:00 OK: No stalled tasks
2026-04-07T23:08:21-07:00 OK: No stalled tasks
2026-04-08T01:08:23-07:00 OK: No stalled tasks
2026-04-08T03:08:20-07:00 OK: No stalled tasks
2026-04-08T05:08:25-07:00 OK: No stalled tasks
2026-04-08T07:08:22-07:00 OK: No stalled tasks
2026-04-08T09:08:22-07:00 OK: No stalled tasks
2026-04-08T11:08:22-07:00 OK: No stalled tasks
2026-04-08T13:08:21-07:00 OK: No stalled tasks
2026-04-08T15:08:21-07:00 OK: No stalled tasks
2026-04-08T17:08:24-07:00 OK: No stalled tasks
2026-04-08T19:08:21-07:00 OK: No stalled tasks
2026-04-08T21:08:23-07:00 OK: No stalled tasks
2026-04-08T23:08:26-07:00 OK: No stalled tasks
2026-04-09T01:08:32-07:00 OK: No stalled tasks
2026-04-09T03:08:23-07:00 OK: No stalled tasks
2026-04-09T05:08:23-07:00 OK: No stalled tasks
2026-04-09T07:08:23-07:00 OK: No stalled tasks
2026-04-09T09:08:25-07:00 OK: No stalled tasks
2026-04-09T11:08:24-07:00 OK: No stalled tasks
2026-04-09T13:08:24-07:00 OK: No stalled tasks
2026-04-09T21:42:25-07:00 OK: No stalled tasks
2026-04-09T23:42:27-07:00 OK: No stalled tasks
2026-04-10T01:42:26-07:00 OK: No stalled tasks
2026-04-10T03:42:25-07:00 OK: No stalled tasks
2026-04-10T05:42:25-07:00 OK: No stalled tasks
2026-04-10T07:42:25-07:00 OK: No stalled tasks
2026-04-10T09:42:29-07:00 OK: No stalled tasks
2026-04-10T11:42:27-07:00 OK: No stalled tasks
2026-04-10T13:42:28-07:00 OK: No stalled tasks
2026-04-10T15:42:27-07:00 OK: No stalled tasks
2026-04-10T18:03:41-07:00 OK: No stalled tasks
2026-04-10T20:03:17-07:00 OK: No stalled tasks
2026-04-10T22:03:18-07:00 OK: No stalled tasks
2026-04-11T00:03:17-07:00 OK: No stalled tasks
2026-04-11T04:43:30-07:00 OK: No stalled tasks
2026-04-11T06:43:31-07:00 OK: No stalled tasks
2026-04-11T08:43:32-07:00 OK: No stalled tasks
2026-04-11T10:43:32-07:00 OK: No stalled tasks
2026-04-11T12:43:31-07:00 OK: No stalled tasks
2026-04-11T14:43:30-07:00 OK: No stalled tasks
2026-04-11T16:43:30-07:00 OK: No stalled tasks
2026-04-11T18:43:32-07:00 STALL: Plan: Obsidian second-brain + karpathy/autoresearch integration for Jarvis (55%) stalled unknownh
2026-04-11T20:43:30-07:00 OK: No stalled tasks
2026-04-11T22:43:31-07:00 OK: No stalled tasks
2026-04-12T00:43:32-07:00 OK: No stalled tasks
2026-04-12T02:43:32-07:00 OK: No stalled tasks
2026-04-12T04:43:32-07:00 OK: No stalled tasks
2026-04-12T06:43:33-07:00 OK: No stalled tasks
2026-04-12T08:43:33-07:00 OK: No stalled tasks
2026-04-12T10:43:33-07:00 OK: No stalled tasks
2026-04-12T12:43:32-07:00 OK: No stalled tasks
2026-04-12T14:43:32-07:00 OK: No stalled tasks
2026-04-12T16:43:30-07:00 OK: No stalled tasks
2026-04-12T18:43:32-07:00 OK: No stalled tasks
2026-04-12T20:43:32-07:00 OK: No stalled tasks
2026-04-12T22:43:32-07:00 OK: No stalled tasks
2026-04-13T00:43:32-07:00 OK: No stalled tasks
2026-04-13T02:43:32-07:00 OK: No stalled tasks
2026-04-13T04:43:32-07:00 OK: No stalled tasks
2026-04-13T06:43:33-07:00 OK: No stalled tasks
2026-04-13T10:43:32-07:00 OK: No stalled tasks
2026-04-13T12:43:33-07:00 OK: No stalled tasks
2026-04-13T14:43:32-07:00 STALL: CrowdStrike Competitive Intel Crawl (60%) stalled unknownh
2026-04-13T16:43:32-07:00 STALL: CrowdStrike Competitive Intel Crawl (60%) stalled unknownh
2026-04-13T20:56:18-07:00 STALL: CrowdStrike Competitive Intel Crawl (60%) stalled unknownh
2026-04-13T22:56:18-07:00 STALL: CrowdStrike Competitive Intel Crawl (60%) stalled unknownh
2026-04-14T00:56:18-07:00 STALL: 🧬 Synthesis: Cohesity Competitive Intel — Rubrik + Commvault + Veeam (10%) stalled unknownh
2026-04-14T02:56:18-07:00 STALL: 🧬 Synthesis: Cohesity Competitive Intel — Rubrik + Commvault + Veeam (10%) stalled unknownh
2026-04-14T04:56:18-07:00 OK: No stalled tasks
2026-04-14T06:56:17-07:00 OK: No stalled tasks
2026-04-14T08:56:18-07:00 OK: No stalled tasks
2026-04-14T10:56:18-07:00 OK: No stalled tasks
2026-04-14T12:56:18-07:00 OK: No stalled tasks
2026-04-14T14:56:18-07:00 OK: No stalled tasks
2026-04-14T16:56:18-07:00 OK: No stalled tasks
2026-04-14T18:56:18-07:00 OK: No stalled tasks
2026-04-14T20:56:18-07:00 OK: No stalled tasks
2026-04-14T22:56:19-07:00 OK: No stalled tasks
2026-04-15T00:56:18-07:00 OK: No stalled tasks
2026-04-15T02:56:18-07:00 OK: No stalled tasks
2026-04-15T04:56:18-07:00 OK: No stalled tasks
2026-04-15T06:56:20-07:00 OK: No stalled tasks
2026-04-15T08:56:18-07:00 OK: No stalled tasks
2026-04-15T10:56:18-07:00 OK: No stalled tasks
2026-04-15T12:56:20-07:00 OK: No stalled tasks
2026-04-15T14:56:16-07:00 OK: No stalled tasks
2026-04-15T16:56:18-07:00 OK: No stalled tasks
2026-04-15T18:56:17-07:00 OK: No stalled tasks
2026-04-15T20:56:18-07:00 OK: No stalled tasks
2026-04-15T22:56:18-07:00 OK: No stalled tasks
2026-04-16T00:56:19-07:00 OK: No stalled tasks
2026-04-16T02:56:18-07:00 OK: No stalled tasks
2026-04-16T04:56:17-07:00 OK: No stalled tasks
2026-04-16T06:56:18-07:00 OK: No stalled tasks
2026-04-16T08:56:18-07:00 OK: No stalled tasks
2026-04-16T10:56:18-07:00 OK: No stalled tasks
2026-04-16T12:56:18-07:00 OK: No stalled tasks
2026-04-16T14:56:18-07:00 OK: No stalled tasks
2026-04-16T19:53:32-07:00 OK: No stalled tasks
2026-04-16T21:55:36-07:00 OK: No stalled tasks
2026-04-16T23:57:34-07:00 OK: No stalled tasks
2026-04-17T01:59:26-07:00 OK: No stalled tasks
2026-04-17T04:01:24-07:00 OK: No stalled tasks
