[2026-03-25 21:34:38] Gateway process missing — starting
Restarted LaunchAgent: gui/501/ai.openclaw.gateway
[2026-03-29 05:46:29] Gateway process missing — starting
Restarted LaunchAgent: gui/501/ai.openclaw.gateway
[2026-04-02 05:48:56] Gateway process missing — starting
Restarted LaunchAgent: gui/501/ai.openclaw.gateway
[2026-04-02 07:34:13] Gateway unhealthy (HTTP 000000) — restarting
Restarted LaunchAgent: gui/501/ai.openclaw.gateway
[2026-04-02 07:38:37] Gateway unhealthy (HTTP 000000) — restarting
Restarted LaunchAgent: gui/501/ai.openclaw.gateway
[2026-04-03 05:50:17] Gateway process missing — starting
Restarted LaunchAgent: gui/501/ai.openclaw.gateway
[2026-04-05 05:52:17] Gateway unhealthy (HTTP 000000) — restarting
Restarted LaunchAgent: gui/501/ai.openclaw.gateway
[2026-04-05 05:53:20] Gateway unhealthy (HTTP 000000) — restarting
Restarted LaunchAgent: gui/501/ai.openclaw.gateway
[2026-04-05 05:54:24] Gateway unhealthy (HTTP 000000) — restarting
Restarted LaunchAgent: gui/501/ai.openclaw.gateway
[2026-04-05 05:55:27] Gateway unhealthy (HTTP 000000) — restarting
Restarted LaunchAgent: gui/501/ai.openclaw.gateway
[2026-04-05 05:56:31] Gateway unhealthy (HTTP 000000) — restarting
Restarted LaunchAgent: gui/501/ai.openclaw.gateway
[2026-04-05 05:57:34] Gateway unhealthy (HTTP 000000) — restarting
Restarted LaunchAgent: gui/501/ai.openclaw.gateway
[2026-04-05 05:58:38] Gateway unhealthy (HTTP 000000) — restarting
Restarted LaunchAgent: gui/501/ai.openclaw.gateway
[2026-04-05 05:59:41] Gateway unhealthy (HTTP 000000) — restarting
Restarted LaunchAgent: gui/501/ai.openclaw.gateway
[2026-04-05 06:00:45] Gateway unhealthy (HTTP 000000) — restarting
Restarted LaunchAgent: gui/501/ai.openclaw.gateway
[2026-04-05 06:01:48] Gateway unhealthy (HTTP 000000) — restarting
Restarted LaunchAgent: gui/501/ai.openclaw.gateway
[2026-04-05 06:02:52] Gateway unhealthy (HTTP 000000) — restarting
Restarted LaunchAgent: gui/501/ai.openclaw.gateway
[2026-04-05 06:03:55] Gateway unhealthy (HTTP 000000) — restarting
Restarted LaunchAgent: gui/501/ai.openclaw.gateway
[2026-04-05 06:04:59] Gateway unhealthy (HTTP 000000) — restarting
Restarted LaunchAgent: gui/501/ai.openclaw.gateway
[2026-04-05 06:06:02] Gateway unhealthy (HTTP 000000) — restarting
Restarted LaunchAgent: gui/501/ai.openclaw.gateway
[2026-04-05 06:07:06] Gateway unhealthy (HTTP 000000) — restarting
Restarted LaunchAgent: gui/501/ai.openclaw.gateway
[2026-04-05 06:08:09] Gateway unhealthy (HTTP 000000) — restarting
Restarted LaunchAgent: gui/501/ai.openclaw.gateway
[2026-04-05 06:09:13] Gateway unhealthy (HTTP 000000) — restarting
Restarted LaunchAgent: gui/501/ai.openclaw.gateway
[2026-04-05 06:10:17] Gateway unhealthy (HTTP 000000) — restarting
Restarted LaunchAgent: gui/501/ai.openclaw.gateway
[2026-04-05 06:11:20] Gateway unhealthy (HTTP 000000) — restarting
Restarted LaunchAgent: gui/501/ai.openclaw.gateway
[2026-04-05 06:12:24] Gateway unhealthy (HTTP 000000) — restarting
Restarted LaunchAgent: gui/501/ai.openclaw.gateway
[2026-04-05 06:13:27] Gateway unhealthy (HTTP 000000) — restarting
Restarted LaunchAgent: gui/501/ai.openclaw.gateway
[2026-04-05 06:14:31] Gateway unhealthy (HTTP 000000) — restarting
Restarted LaunchAgent: gui/501/ai.openclaw.gateway
[2026-04-05 06:15:34] Gateway unhealthy (HTTP 000000) — restarting
Restarted LaunchAgent: gui/501/ai.openclaw.gateway
[2026-04-05 06:16:38] Gateway unhealthy (HTTP 000000) — restarting
Restarted LaunchAgent: gui/501/ai.openclaw.gateway
[2026-04-05 06:17:41] Gateway unhealthy (HTTP 000000) — restarting
Restarted LaunchAgent: gui/501/ai.openclaw.gateway
[2026-04-05 06:18:45] Gateway unhealthy (HTTP 000000) — restarting
Restarted LaunchAgent: gui/501/ai.openclaw.gateway
[2026-04-05 06:19:48] Gateway unhealthy (HTTP 000000) — restarting
Restarted LaunchAgent: gui/501/ai.openclaw.gateway
[2026-04-05 06:20:52] Gateway unhealthy (HTTP 000000) — restarting
Restarted LaunchAgent: gui/501/ai.openclaw.gateway
[2026-04-05 06:21:55] Gateway unhealthy (HTTP 000000) — restarting
Restarted LaunchAgent: gui/501/ai.openclaw.gateway
[2026-04-05 06:22:59] Gateway unhealthy (HTTP 000000) — restarting
Restarted LaunchAgent: gui/501/ai.openclaw.gateway
[2026-04-05 06:24:06] Gateway unhealthy (HTTP 000000) — restarting
Restarted LaunchAgent: gui/501/ai.openclaw.gateway
[2026-04-05 06:25:09] Gateway unhealthy (HTTP 000000) — restarting
Restarted LaunchAgent: gui/501/ai.openclaw.gateway
[2026-04-05 06:26:13] Gateway unhealthy (HTTP 000000) — restarting
Restarted LaunchAgent: gui/501/ai.openclaw.gateway
[2026-04-05 06:27:16] Gateway unhealthy (HTTP 000000) — restarting
Restarted LaunchAgent: gui/501/ai.openclaw.gateway
[2026-04-05 06:28:20] Gateway unhealthy (HTTP 000000) — restarting
Restarted LaunchAgent: gui/501/ai.openclaw.gateway
[2026-04-05 06:29:23] Gateway unhealthy (HTTP 000000) — restarting
Restarted LaunchAgent: gui/501/ai.openclaw.gateway
[2026-04-05 06:30:27] Gateway unhealthy (HTTP 000000) — restarting
Restarted LaunchAgent: gui/501/ai.openclaw.gateway
[2026-04-05 06:31:30] Gateway unhealthy (HTTP 000000) — restarting
Restarted LaunchAgent: gui/501/ai.openclaw.gateway
[2026-04-05 06:32:34] Gateway unhealthy (HTTP 000000) — restarting
Restarted LaunchAgent: gui/501/ai.openclaw.gateway
[2026-04-05 06:33:37] Gateway unhealthy (HTTP 000000) — restarting
Restarted LaunchAgent: gui/501/ai.openclaw.gateway
[2026-04-05 06:34:41] Gateway unhealthy (HTTP 000000) — restarting
Restarted LaunchAgent: gui/501/ai.openclaw.gateway
[2026-04-05 06:35:44] Gateway unhealthy (HTTP 000000) — restarting
Restarted LaunchAgent: gui/501/ai.openclaw.gateway
[2026-04-05 06:36:48] Gateway unhealthy (HTTP 000000) — restarting
Restarted LaunchAgent: gui/501/ai.openclaw.gateway
[2026-04-05 06:37:51] Gateway unhealthy (HTTP 000000) — restarting
Restarted LaunchAgent: gui/501/ai.openclaw.gateway
[2026-04-05 06:38:55] Gateway unhealthy (HTTP 000000) — restarting
Restarted LaunchAgent: gui/501/ai.openclaw.gateway
[2026-04-05 06:39:59] Gateway unhealthy (HTTP 000000) — restarting
Restarted LaunchAgent: gui/501/ai.openclaw.gateway
[2026-04-05 06:41:02] Gateway unhealthy (HTTP 000000) — restarting
Restarted LaunchAgent: gui/501/ai.openclaw.gateway
[2026-04-05 06:42:06] Gateway unhealthy (HTTP 000000) — restarting
Restarted LaunchAgent: gui/501/ai.openclaw.gateway
[2026-04-05 06:43:09] Gateway unhealthy (HTTP 000000) — restarting
Restarted LaunchAgent: gui/501/ai.openclaw.gateway
[2026-04-05 08:28:25] Gateway unhealthy (HTTP 000000) — restarting
Restarted LaunchAgent: gui/501/ai.openclaw.gateway
[2026-04-05 19:32:01] Gateway unhealthy (HTTP 000000) — restarting
Restarted LaunchAgent: gui/501/ai.openclaw.gateway
[2026-04-05 20:32:12] Gateway unhealthy (HTTP 000000) — restarting
Restarted LaunchAgent: gui/501/ai.openclaw.gateway
[2026-04-05 21:32:22] Gateway unhealthy (HTTP 000000) — restarting
Restarted LaunchAgent: gui/501/ai.openclaw.gateway
[2026-04-05 22:32:33] Gateway unhealthy (HTTP 000000) — restarting
Restarted LaunchAgent: gui/501/ai.openclaw.gateway
[2026-04-06 05:47:23] Gateway process missing — starting
Config invalid
File: ~/.openclaw/openclaw.json
Problem:
  - talk: talk.voiceId/talk.voiceAliases/talk.modelId/talk.outputFormat/talk.apiKey are legacy; use talk.providers.<provider> and run openclaw doctor --fix.
Legacy config keys detected:
  - talk: talk.voiceId/talk.voiceAliases/talk.modelId/talk.outputFormat/talk.apiKey are legacy; use talk.providers.<provider> and run openclaw doctor --fix.

Run: openclaw doctor --fix
Gateway aborted: config is invalid.
talk: talk.voiceId/talk.voiceAliases/talk.modelId/talk.outputFormat/talk.apiKey are legacy; use talk.providers.<provider> and run openclaw doctor --fix.
Fix the config and retry, or run "openclaw doctor" to repair.
[2026-04-06 05:48:25] Gateway process missing — starting
Config invalid
File: ~/.openclaw/openclaw.json
Problem:
  - talk: talk.voiceId/talk.voiceAliases/talk.modelId/talk.outputFormat/talk.apiKey are legacy; use talk.providers.<provider> and run openclaw doctor --fix.
Legacy config keys detected:
  - talk: talk.voiceId/talk.voiceAliases/talk.modelId/talk.outputFormat/talk.apiKey are legacy; use talk.providers.<provider> and run openclaw doctor --fix.

Run: openclaw doctor --fix
Gateway aborted: config is invalid.
talk: talk.voiceId/talk.voiceAliases/talk.modelId/talk.outputFormat/talk.apiKey are legacy; use talk.providers.<provider> and run openclaw doctor --fix.
Fix the config and retry, or run "openclaw doctor" to repair.
[2026-04-06 05:49:31] Gateway unhealthy (HTTP 000000) — restarting
Restarted LaunchAgent: gui/501/ai.openclaw.gateway
[2026-04-08 05:52:04] Gateway unhealthy (HTTP 000000) — restarting
Restarted LaunchAgent: gui/501/ai.openclaw.gateway
[2026-04-09 05:53:48] Gateway process missing — starting
Gateway LaunchAgent was installed but not loaded; re-bootstrapped launchd service.
